<?xml version="1.0" encoding="UTF-8"?>
<testsuite xmlns:xsi="http://www.w3.org/2001/XMLSchema-instance" xsi:noNamespaceSchemaLocation="https://maven.apache.org/surefire/maven-surefire-plugin/xsd/surefire-test-report.xsd" version="3.0.2" name="ru.alligator.employee.EmployeeApplicationTests" time="21.192" tests="1" errors="0" skipped="0" failures="0">
  <properties>
    <property name="java.specification.version" value="21"/>
    <property name="sun.jnu.encoding" value="UTF-8"/>
    <property name="java.class.path" value="/home/misha/employee/target/test-classes:/home/misha/employee/target/classes:/home/misha/.m2/repository/org/springframework/boot/spring-boot-starter-actuator/3.5.6/spring-boot-starter-actuator-3.5.6.jar:/home/misha/.m2/repository/org/springframework/boot/spring-boot-starter/3.5.6/spring-boot-starter-3.5.6.jar:/home/misha/.m2/repository/org/springframework/boot/spring-boot/3.5.6/spring-boot-3.5.6.jar:/home/misha/.m2/repository/org/springframework/boot/spring-boot-starter-logging/3.5.6/spring-boot-starter-logging-3.5.6.jar:/home/misha/.m2/repository/ch/qos/logback/logback-classic/1.5.18/logback-classic-1.5.18.jar:/home/misha/.m2/repository/ch/qos/logback/logback-core/1.5.18/logback-core-1.5.18.jar:/home/misha/.m2/repository/org/apache/logging/log4j/log4j-to-slf4j/2.24.3/log4j-to-slf4j-2.24.3.jar:/home/misha/.m2/repository/org/apache/logging/log4j/log4j-api/2.24.3/log4j-api-2.24.3.jar:/home/misha/.m2/repository/org/slf4j/jul-to-slf4j/2.0.17/jul-to-slf4j-2.0.17.jar:/home/misha/.m2/repository/jakarta/annotation/jakarta.annotation-api/2.1.1/jakarta.annotation-api-2.1.1.jar:/home/misha/.m2/repository/org/springframework/boot/spring-boot-actuator-autoconfigure/3.5.6/spring-boot-actuator-autoconfigure-3.5.6.jar:/home/misha/.m2/repository/org/springframework/boot/spring-boot-actuator/3.5.6/spring-boot-actuator-3.5.6.jar:/home/misha/.m2/repository/com/fasterxml/jackson/core/jackson-databind/2.19.2/jackson-databind-2.19.2.jar:/home/misha/.m2/repository/com/fasterxml/jackson/core/jackson-annotations/2.19.2/jackson-annotations-2.19.2.jar:/home/misha/.m2/repository/com/fasterxml/jackson/core/jackson-core/2.19.2/jackson-core-2.19.2.jar:/home/misha/.m2/repository/com/fasterxml/jackson/datatype/jackson-datatype-jsr310/2.19.2/jackson-datatype-jsr310-2.19.2.jar:/home/misha/.m2/repository/io/micrometer/micrometer-observation/1.15.4/micrometer-observation-1.15.4.jar:/home/misha/.m2/repository/io/micrometer/micrometer-commons/1.15.4/micrometer-commons-1.15.4.jar:/home/misha/.m2/repository/io/micrometer/micrometer-jakarta9/1.15.4/micrometer-jakarta9-1.15.4.jar:/home/misha/.m2/repository/io/micrometer/micrometer-core/1.15.4/micrometer-core-1.15.4.jar:/home/misha/.m2/repository/org/hdrhistogram/HdrHistogram/2.2.2/HdrHistogram-2.2.2.jar:/home/misha/.m2/repository/org/latencyutils/LatencyUtils/2.0.3/LatencyUtils-2.0.3.jar:/home/misha/.m2/repository/org/springframework/boot/spring-boot-starter-data-jpa/3.5.6/spring-boot-starter-data-jpa-3.5.6.jar:/home/misha/.m2/repository/org/springframework/boot/spring-boot-starter-jdbc/3.5.6/spring-boot-starter-jdbc-3.5.6.jar:/home/misha/.m2/repository/com/zaxxer/HikariCP/6.3.3/HikariCP-6.3.3.jar:/home/misha/.m2/repository/org/springframework/spring-jdbc/6.2.11/spring-jdbc-6.2.11.jar:/home/misha/.m2/repository/org/hibernate/orm/hibernate-core/6.6.29.Final/hibernate-core-6.6.29.Final.jar:/home/misha/.m2/repository/jakarta/persistence/jakarta.persistence-api/3.1.0/jakarta.persistence-api-3.1.0.jar:/home/misha/.m2/repository/jakarta/transaction/jakarta.transaction-api/2.0.1/jakarta.transaction-api-2.0.1.jar:/home/misha/.m2/repository/org/jboss/logging/jboss-logging/3.6.1.Final/jboss-logging-3.6.1.Final.jar:/home/misha/.m2/repository/org/hibernate/common/hibernate-commons-annotations/7.0.3.Final/hibernate-commons-annotations-7.0.3.Final.jar:/home/misha/.m2/repository/io/smallrye/jandex/3.2.0/jandex-3.2.0.jar:/home/misha/.m2/repository/com/fasterxml/classmate/1.7.0/classmate-1.7.0.jar:/home/misha/.m2/repository/net/bytebuddy/byte-buddy/1.17.7/byte-buddy-1.17.7.jar:/home/misha/.m2/repository/org/glassfish/jaxb/jaxb-runtime/4.0.5/jaxb-runtime-4.0.5.jar:/home/misha/.m2/repository/org/glassfish/jaxb/jaxb-core/4.0.5/jaxb-core-4.0.5.jar:/home/misha/.m2/repository/org/eclipse/angus/angus-activation/2.0.2/angus-activation-2.0.2.jar:/home/misha/.m2/repository/org/glassfish/jaxb/txw2/4.0.5/txw2-4.0.5.jar:/home/misha/.m2/repository/com/sun/istack/istack-commons-runtime/4.1.2/istack-commons-runtime-4.1.2.jar:/home/misha/.m2/repository/jakarta/inject/jakarta.inject-api/2.0.1/jakarta.inject-api-2.0.1.jar:/home/misha/.m2/repository/org/antlr/antlr4-runtime/4.13.0/antlr4-runtime-4.13.0.jar:/home/misha/.m2/repository/org/springframework/data/spring-data-jpa/3.5.4/spring-data-jpa-3.5.4.jar:/home/misha/.m2/repository/org/springframework/data/spring-data-commons/3.5.4/spring-data-commons-3.5.4.jar:/home/misha/.m2/repository/org/springframework/spring-orm/6.2.11/spring-orm-6.2.11.jar:/home/misha/.m2/repository/org/springframework/spring-context/6.2.11/spring-context-6.2.11.jar:/home/misha/.m2/repository/org/springframework/spring-aop/6.2.11/spring-aop-6.2.11.jar:/home/misha/.m2/repository/org/springframework/spring-tx/6.2.11/spring-tx-6.2.11.jar:/home/misha/.m2/repository/org/springframework/spring-beans/6.2.11/spring-beans-6.2.11.jar:/home/misha/.m2/repository/org/slf4j/slf4j-api/2.0.17/slf4j-api-2.0.17.jar:/home/misha/.m2/repository/org/springframework/spring-aspects/6.2.11/spring-aspects-6.2.11.jar:/home/misha/.m2/repository/org/aspectj/aspectjweaver/1.9.24/aspectjweaver-1.9.24.jar:/home/misha/.m2/repository/org/springframework/boot/spring-boot-starter-web/3.5.6/spring-boot-starter-web-3.5.6.jar:/home/misha/.m2/repository/org/springframework/boot/spring-boot-starter-json/3.5.6/spring-boot-starter-json-3.5.6.jar:/home/misha/.m2/repository/com/fasterxml/jackson/datatype/jackson-datatype-jdk8/2.19.2/jackson-datatype-jdk8-2.19.2.jar:/home/misha/.m2/repository/com/fasterxml/jackson/module/jackson-module-parameter-names/2.19.2/jackson-module-parameter-names-2.19.2.jar:/home/misha/.m2/repository/org/springframework/boot/spring-boot-starter-tomcat/3.5.6/spring-boot-starter-tomcat-3.5.6.jar:/home/misha/.m2/repository/org/apache/tomcat/embed/tomcat-embed-core/10.1.46/tomcat-embed-core-10.1.46.jar:/home/misha/.m2/repository/org/apache/tomcat/embed/tomcat-embed-el/10.1.46/tomcat-embed-el-10.1.46.jar:/home/misha/.m2/repository/org/apache/tomcat/embed/tomcat-embed-websocket/10.1.46/tomcat-embed-websocket-10.1.46.jar:/home/misha/.m2/repository/org/springframework/spring-web/6.2.11/spring-web-6.2.11.jar:/home/misha/.m2/repository/org/springframework/spring-webmvc/6.2.11/spring-webmvc-6.2.11.jar:/home/misha/.m2/repository/org/springframework/spring-expression/6.2.11/spring-expression-6.2.11.jar:/home/misha/.m2/repository/org/postgresql/postgresql/42.7.7/postgresql-42.7.7.jar:/home/misha/.m2/repository/org/checkerframework/checker-qual/3.49.3/checker-qual-3.49.3.jar:/home/misha/.m2/repository/org/projectlombok/lombok/1.18.40/lombok-1.18.40.jar:/home/misha/.m2/repository/org/springframework/boot/spring-boot-starter-test/3.5.6/spring-boot-starter-test-3.5.6.jar:/home/misha/.m2/repository/org/springframework/boot/spring-boot-test/3.5.6/spring-boot-test-3.5.6.jar:/home/misha/.m2/repository/org/springframework/boot/spring-boot-test-autoconfigure/3.5.6/spring-boot-test-autoconfigure-3.5.6.jar:/home/misha/.m2/repository/com/jayway/jsonpath/json-path/2.9.0/json-path-2.9.0.jar:/home/misha/.m2/repository/jakarta/xml/bind/jakarta.xml.bind-api/4.0.2/jakarta.xml.bind-api-4.0.2.jar:/home/misha/.m2/repository/jakarta/activation/jakarta.activation-api/2.1.4/jakarta.activation-api-2.1.4.jar:/home/misha/.m2/repository/net/minidev/json-smart/2.5.2/json-smart-2.5.2.jar:/home/misha/.m2/repository/net/minidev/accessors-smart/2.5.2/accessors-smart-2.5.2.jar:/home/misha/.m2/repository/org/ow2/asm/asm/9.7.1/asm-9.7.1.jar:/home/misha/.m2/repository/org/assertj/assertj-core/3.27.4/assertj-core-3.27.4.jar:/home/misha/.m2/repository/org/awaitility/awaitility/4.2.2/awaitility-4.2.2.jar:/home/misha/.m2/repository/org/hamcrest/hamcrest/3.0/hamcrest-3.0.jar:/home/misha/.m2/repository/org/junit/jupiter/junit-jupiter/5.12.2/junit-jupiter-5.12.2.jar:/home/misha/.m2/repository/org/junit/jupiter/junit-jupiter-api/5.12.2/junit-jupiter-api-5.12.2.jar:/home/misha/.m2/repository/org/opentest4j/opentest4j/1.3.0/opentest4j-1.3.0.jar:/home/misha/.m2/repository/org/junit/platform/junit-platform-commons/1.12.2/junit-platform-commons-1.12.2.jar:/home/misha/.m2/repository/org/apiguardian/apiguardian-api/1.1.2/apiguardian-api-1.1.2.jar:/home/misha/.m2/repository/org/junit/jupiter/junit-jupiter-params/5.12.2/junit-jupiter-params-5.12.2.jar:/home/misha/.m2/repository/org/junit/jupiter/junit-jupiter-engine/5.12.2/junit-jupiter-engine-5.12.2.jar:/home/misha/.m2/repository/org/junit/platform/junit-platform-engine/1.12.2/junit-platform-engine-1.12.2.jar:/home/misha/.m2/repository/org/mockito/mockito-core/5.17.0/mockito-core-5.17.0.jar:/home/misha/.m2/repository/net/bytebuddy/byte-buddy-agent/1.17.7/byte-buddy-agent-1.17.7.jar:/home/misha/.m2/repository/org/objenesis/objenesis/3.3/objenesis-3.3.jar:/home/misha/.m2/repository/org/mockito/mockito-junit-jupiter/5.17.0/mockito-junit-jupiter-5.17.0.jar:/home/misha/.m2/repository/org/skyscreamer/jsonassert/1.5.3/jsonassert-1.5.3.jar:/home/misha/.m2/repository/com/vaadin/external/google/android-json/0.0.20131108.vaadin1/android-json-0.0.20131108.vaadin1.jar:/home/misha/.m2/repository/org/springframework/spring-core/6.2.11/spring-core-6.2.11.jar:/home/misha/.m2/repository/org/springframework/spring-jcl/6.2.11/spring-jcl-6.2.11.jar:/home/misha/.m2/repository/org/springframework/spring-test/6.2.11/spring-test-6.2.11.jar:/home/misha/.m2/repository/org/xmlunit/xmlunit-core/2.10.4/xmlunit-core-2.10.4.jar:/home/misha/.m2/repository/org/springframework/boot/spring-boot-testcontainers/3.5.6/spring-boot-testcontainers-3.5.6.jar:/home/misha/.m2/repository/org/springframework/boot/spring-boot-autoconfigure/3.5.6/spring-boot-autoconfigure-3.5.6.jar:/home/misha/.m2/repository/org/testcontainers/testcontainers/1.21.3/testcontainers-1.21.3.jar:/home/misha/.m2/repository/junit/junit/4.13.2/junit-4.13.2.jar:/home/misha/.m2/repository/org/hamcrest/hamcrest-core/3.0/hamcrest-core-3.0.jar:/home/misha/.m2/repository/org/apache/commons/commons-compress/1.24.0/commons-compress-1.24.0.jar:/home/misha/.m2/repository/org/rnorth/duct-tape/duct-tape/1.0.8/duct-tape-1.0.8.jar:/home/misha/.m2/repository/org/jetbrains/annotations/17.0.0/annotations-17.0.0.jar:/home/misha/.m2/repository/com/github/docker-java/docker-java-api/3.4.2/docker-java-api-3.4.2.jar:/home/misha/.m2/repository/com/github/docker-java/docker-java-transport-zerodep/3.4.2/docker-java-transport-zerodep-3.4.2.jar:/home/misha/.m2/repository/com/github/docker-java/docker-java-transport/3.4.2/docker-java-transport-3.4.2.jar:/home/misha/.m2/repository/net/java/dev/jna/jna/5.13.0/jna-5.13.0.jar:/home/misha/.m2/repository/org/testcontainers/junit-jupiter/1.21.3/junit-jupiter-1.21.3.jar:/home/misha/.m2/repository/org/testcontainers/postgresql/1.21.3/postgresql-1.21.3.jar:/home/misha/.m2/repository/org/testcontainers/jdbc/1.21.3/jdbc-1.21.3.jar:/home/misha/.m2/repository/org/testcontainers/database-commons/1.21.3/database-commons-1.21.3.jar:/home/misha/.m2/repository/org/liquibase/liquibase-core/4.31.1/liquibase-core-4.31.1.jar:/home/misha/.m2/repository/com/opencsv/opencsv/5.9/opencsv-5.9.jar:/home/misha/.m2/repository/org/yaml/snakeyaml/2.4/snakeyaml-2.4.jar:/home/misha/.m2/repository/javax/xml/bind/jaxb-api/2.3.1/jaxb-api-2.3.1.jar:/home/misha/.m2/repository/org/apache/commons/commons-collections4/4.4/commons-collections4-4.4.jar:/home/misha/.m2/repository/org/apache/commons/commons-text/1.13.0/commons-text-1.13.0.jar:/home/misha/.m2/repository/org/apache/commons/commons-lang3/3.17.0/commons-lang3-3.17.0.jar:/home/misha/.m2/repository/commons-io/commons-io/2.18.0/commons-io-2.18.0.jar:/home/misha/.m2/repository/org/mapstruct/mapstruct/1.5.5.Final/mapstruct-1.5.5.Final.jar:/home/misha/.m2/repository/org/mapstruct/mapstruct-processor/1.5.5.Final/mapstruct-processor-1.5.5.Final.jar:/home/misha/.m2/repository/com/querydsl/querydsl-apt/5.0.0/querydsl-apt-5.0.0-jakarta.jar:/home/misha/.m2/repository/com/querydsl/querydsl-codegen/5.1.0/querydsl-codegen-5.1.0.jar:/home/misha/.m2/repository/com/querydsl/codegen-utils/5.1.0/codegen-utils-5.1.0.jar:/home/misha/.m2/repository/org/eclipse/jdt/ecj/3.26.0/ecj-3.26.0.jar:/home/misha/.m2/repository/javax/inject/javax.inject/1/javax.inject-1.jar:/home/misha/.m2/repository/io/github/classgraph/classgraph/4.8.146/classgraph-4.8.146.jar:/home/misha/.m2/repository/com/querydsl/querydsl-jpa/5.0.0/querydsl-jpa-5.0.0-jakarta.jar:/home/misha/.m2/repository/com/querydsl/querydsl-core/5.1.0/querydsl-core-5.1.0.jar:/home/misha/.m2/repository/com/mysema/commons/mysema-commons-lang/0.2.4/mysema-commons-lang-0.2.4.jar:"/>
    <property name="java.vm.vendor" value="Ubuntu"/>
    <property name="sun.arch.data.model" value="64"/>
    <property name="java.vendor.url" value="https://ubuntu.com/"/>
    <property name="user.timezone" value="Europe/Moscow"/>
    <property name="org.jboss.logging.provider" value="slf4j"/>
    <property name="os.name" value="Linux"/>
    <property name="java.vm.specification.version" value="21"/>
    <property name="APPLICATION_NAME" value="employee"/>
    <property name="sun.java.launcher" value="SUN_STANDARD"/>
    <property name="user.country" value="RU"/>
    <property name="sun.boot.library.path" value="/usr/lib/jvm/java-21-openjdk-amd64/lib"/>
    <property name="sun.java.command" value="/home/misha/employee/target/surefire/surefirebooter-20251007224250734_3.jar /home/misha/employee/target/surefire 2025-10-07T22-42-50_535-jvmRun1 surefire-20251007224250734_1tmp surefire_0-20251007224250734_2tmp"/>
    <property name="jdk.debug" value="release"/>
    <property name="surefire.test.class.path" value="/home/misha/employee/target/test-classes:/home/misha/employee/target/classes:/home/misha/.m2/repository/org/springframework/boot/spring-boot-starter-actuator/3.5.6/spring-boot-starter-actuator-3.5.6.jar:/home/misha/.m2/repository/org/springframework/boot/spring-boot-starter/3.5.6/spring-boot-starter-3.5.6.jar:/home/misha/.m2/repository/org/springframework/boot/spring-boot/3.5.6/spring-boot-3.5.6.jar:/home/misha/.m2/repository/org/springframework/boot/spring-boot-starter-logging/3.5.6/spring-boot-starter-logging-3.5.6.jar:/home/misha/.m2/repository/ch/qos/logback/logback-classic/1.5.18/logback-classic-1.5.18.jar:/home/misha/.m2/repository/ch/qos/logback/logback-core/1.5.18/logback-core-1.5.18.jar:/home/misha/.m2/repository/org/apache/logging/log4j/log4j-to-slf4j/2.24.3/log4j-to-slf4j-2.24.3.jar:/home/misha/.m2/repository/org/apache/logging/log4j/log4j-api/2.24.3/log4j-api-2.24.3.jar:/home/misha/.m2/repository/org/slf4j/jul-to-slf4j/2.0.17/jul-to-slf4j-2.0.17.jar:/home/misha/.m2/repository/jakarta/annotation/jakarta.annotation-api/2.1.1/jakarta.annotation-api-2.1.1.jar:/home/misha/.m2/repository/org/springframework/boot/spring-boot-actuator-autoconfigure/3.5.6/spring-boot-actuator-autoconfigure-3.5.6.jar:/home/misha/.m2/repository/org/springframework/boot/spring-boot-actuator/3.5.6/spring-boot-actuator-3.5.6.jar:/home/misha/.m2/repository/com/fasterxml/jackson/core/jackson-databind/2.19.2/jackson-databind-2.19.2.jar:/home/misha/.m2/repository/com/fasterxml/jackson/core/jackson-annotations/2.19.2/jackson-annotations-2.19.2.jar:/home/misha/.m2/repository/com/fasterxml/jackson/core/jackson-core/2.19.2/jackson-core-2.19.2.jar:/home/misha/.m2/repository/com/fasterxml/jackson/datatype/jackson-datatype-jsr310/2.19.2/jackson-datatype-jsr310-2.19.2.jar:/home/misha/.m2/repository/io/micrometer/micrometer-observation/1.15.4/micrometer-observation-1.15.4.jar:/home/misha/.m2/repository/io/micrometer/micrometer-commons/1.15.4/micrometer-commons-1.15.4.jar:/home/misha/.m2/repository/io/micrometer/micrometer-jakarta9/1.15.4/micrometer-jakarta9-1.15.4.jar:/home/misha/.m2/repository/io/micrometer/micrometer-core/1.15.4/micrometer-core-1.15.4.jar:/home/misha/.m2/repository/org/hdrhistogram/HdrHistogram/2.2.2/HdrHistogram-2.2.2.jar:/home/misha/.m2/repository/org/latencyutils/LatencyUtils/2.0.3/LatencyUtils-2.0.3.jar:/home/misha/.m2/repository/org/springframework/boot/spring-boot-starter-data-jpa/3.5.6/spring-boot-starter-data-jpa-3.5.6.jar:/home/misha/.m2/repository/org/springframework/boot/spring-boot-starter-jdbc/3.5.6/spring-boot-starter-jdbc-3.5.6.jar:/home/misha/.m2/repository/com/zaxxer/HikariCP/6.3.3/HikariCP-6.3.3.jar:/home/misha/.m2/repository/org/springframework/spring-jdbc/6.2.11/spring-jdbc-6.2.11.jar:/home/misha/.m2/repository/org/hibernate/orm/hibernate-core/6.6.29.Final/hibernate-core-6.6.29.Final.jar:/home/misha/.m2/repository/jakarta/persistence/jakarta.persistence-api/3.1.0/jakarta.persistence-api-3.1.0.jar:/home/misha/.m2/repository/jakarta/transaction/jakarta.transaction-api/2.0.1/jakarta.transaction-api-2.0.1.jar:/home/misha/.m2/repository/org/jboss/logging/jboss-logging/3.6.1.Final/jboss-logging-3.6.1.Final.jar:/home/misha/.m2/repository/org/hibernate/common/hibernate-commons-annotations/7.0.3.Final/hibernate-commons-annotations-7.0.3.Final.jar:/home/misha/.m2/repository/io/smallrye/jandex/3.2.0/jandex-3.2.0.jar:/home/misha/.m2/repository/com/fasterxml/classmate/1.7.0/classmate-1.7.0.jar:/home/misha/.m2/repository/net/bytebuddy/byte-buddy/1.17.7/byte-buddy-1.17.7.jar:/home/misha/.m2/repository/org/glassfish/jaxb/jaxb-runtime/4.0.5/jaxb-runtime-4.0.5.jar:/home/misha/.m2/repository/org/glassfish/jaxb/jaxb-core/4.0.5/jaxb-core-4.0.5.jar:/home/misha/.m2/repository/org/eclipse/angus/angus-activation/2.0.2/angus-activation-2.0.2.jar:/home/misha/.m2/repository/org/glassfish/jaxb/txw2/4.0.5/txw2-4.0.5.jar:/home/misha/.m2/repository/com/sun/istack/istack-commons-runtime/4.1.2/istack-commons-runtime-4.1.2.jar:/home/misha/.m2/repository/jakarta/inject/jakarta.inject-api/2.0.1/jakarta.inject-api-2.0.1.jar:/home/misha/.m2/repository/org/antlr/antlr4-runtime/4.13.0/antlr4-runtime-4.13.0.jar:/home/misha/.m2/repository/org/springframework/data/spring-data-jpa/3.5.4/spring-data-jpa-3.5.4.jar:/home/misha/.m2/repository/org/springframework/data/spring-data-commons/3.5.4/spring-data-commons-3.5.4.jar:/home/misha/.m2/repository/org/springframework/spring-orm/6.2.11/spring-orm-6.2.11.jar:/home/misha/.m2/repository/org/springframework/spring-context/6.2.11/spring-context-6.2.11.jar:/home/misha/.m2/repository/org/springframework/spring-aop/6.2.11/spring-aop-6.2.11.jar:/home/misha/.m2/repository/org/springframework/spring-tx/6.2.11/spring-tx-6.2.11.jar:/home/misha/.m2/repository/org/springframework/spring-beans/6.2.11/spring-beans-6.2.11.jar:/home/misha/.m2/repository/org/slf4j/slf4j-api/2.0.17/slf4j-api-2.0.17.jar:/home/misha/.m2/repository/org/springframework/spring-aspects/6.2.11/spring-aspects-6.2.11.jar:/home/misha/.m2/repository/org/aspectj/aspectjweaver/1.9.24/aspectjweaver-1.9.24.jar:/home/misha/.m2/repository/org/springframework/boot/spring-boot-starter-web/3.5.6/spring-boot-starter-web-3.5.6.jar:/home/misha/.m2/repository/org/springframework/boot/spring-boot-starter-json/3.5.6/spring-boot-starter-json-3.5.6.jar:/home/misha/.m2/repository/com/fasterxml/jackson/datatype/jackson-datatype-jdk8/2.19.2/jackson-datatype-jdk8-2.19.2.jar:/home/misha/.m2/repository/com/fasterxml/jackson/module/jackson-module-parameter-names/2.19.2/jackson-module-parameter-names-2.19.2.jar:/home/misha/.m2/repository/org/springframework/boot/spring-boot-starter-tomcat/3.5.6/spring-boot-starter-tomcat-3.5.6.jar:/home/misha/.m2/repository/org/apache/tomcat/embed/tomcat-embed-core/10.1.46/tomcat-embed-core-10.1.46.jar:/home/misha/.m2/repository/org/apache/tomcat/embed/tomcat-embed-el/10.1.46/tomcat-embed-el-10.1.46.jar:/home/misha/.m2/repository/org/apache/tomcat/embed/tomcat-embed-websocket/10.1.46/tomcat-embed-websocket-10.1.46.jar:/home/misha/.m2/repository/org/springframework/spring-web/6.2.11/spring-web-6.2.11.jar:/home/misha/.m2/repository/org/springframework/spring-webmvc/6.2.11/spring-webmvc-6.2.11.jar:/home/misha/.m2/repository/org/springframework/spring-expression/6.2.11/spring-expression-6.2.11.jar:/home/misha/.m2/repository/org/postgresql/postgresql/42.7.7/postgresql-42.7.7.jar:/home/misha/.m2/repository/org/checkerframework/checker-qual/3.49.3/checker-qual-3.49.3.jar:/home/misha/.m2/repository/org/projectlombok/lombok/1.18.40/lombok-1.18.40.jar:/home/misha/.m2/repository/org/springframework/boot/spring-boot-starter-test/3.5.6/spring-boot-starter-test-3.5.6.jar:/home/misha/.m2/repository/org/springframework/boot/spring-boot-test/3.5.6/spring-boot-test-3.5.6.jar:/home/misha/.m2/repository/org/springframework/boot/spring-boot-test-autoconfigure/3.5.6/spring-boot-test-autoconfigure-3.5.6.jar:/home/misha/.m2/repository/com/jayway/jsonpath/json-path/2.9.0/json-path-2.9.0.jar:/home/misha/.m2/repository/jakarta/xml/bind/jakarta.xml.bind-api/4.0.2/jakarta.xml.bind-api-4.0.2.jar:/home/misha/.m2/repository/jakarta/activation/jakarta.activation-api/2.1.4/jakarta.activation-api-2.1.4.jar:/home/misha/.m2/repository/net/minidev/json-smart/2.5.2/json-smart-2.5.2.jar:/home/misha/.m2/repository/net/minidev/accessors-smart/2.5.2/accessors-smart-2.5.2.jar:/home/misha/.m2/repository/org/ow2/asm/asm/9.7.1/asm-9.7.1.jar:/home/misha/.m2/repository/org/assertj/assertj-core/3.27.4/assertj-core-3.27.4.jar:/home/misha/.m2/repository/org/awaitility/awaitility/4.2.2/awaitility-4.2.2.jar:/home/misha/.m2/repository/org/hamcrest/hamcrest/3.0/hamcrest-3.0.jar:/home/misha/.m2/repository/org/junit/jupiter/junit-jupiter/5.12.2/junit-jupiter-5.12.2.jar:/home/misha/.m2/repository/org/junit/jupiter/junit-jupiter-api/5.12.2/junit-jupiter-api-5.12.2.jar:/home/misha/.m2/repository/org/opentest4j/opentest4j/1.3.0/opentest4j-1.3.0.jar:/home/misha/.m2/repository/org/junit/platform/junit-platform-commons/1.12.2/junit-platform-commons-1.12.2.jar:/home/misha/.m2/repository/org/apiguardian/apiguardian-api/1.1.2/apiguardian-api-1.1.2.jar:/home/misha/.m2/repository/org/junit/jupiter/junit-jupiter-params/5.12.2/junit-jupiter-params-5.12.2.jar:/home/misha/.m2/repository/org/junit/jupiter/junit-jupiter-engine/5.12.2/junit-jupiter-engine-5.12.2.jar:/home/misha/.m2/repository/org/junit/platform/junit-platform-engine/1.12.2/junit-platform-engine-1.12.2.jar:/home/misha/.m2/repository/org/mockito/mockito-core/5.17.0/mockito-core-5.17.0.jar:/home/misha/.m2/repository/net/bytebuddy/byte-buddy-agent/1.17.7/byte-buddy-agent-1.17.7.jar:/home/misha/.m2/repository/org/objenesis/objenesis/3.3/objenesis-3.3.jar:/home/misha/.m2/repository/org/mockito/mockito-junit-jupiter/5.17.0/mockito-junit-jupiter-5.17.0.jar:/home/misha/.m2/repository/org/skyscreamer/jsonassert/1.5.3/jsonassert-1.5.3.jar:/home/misha/.m2/repository/com/vaadin/external/google/android-json/0.0.20131108.vaadin1/android-json-0.0.20131108.vaadin1.jar:/home/misha/.m2/repository/org/springframework/spring-core/6.2.11/spring-core-6.2.11.jar:/home/misha/.m2/repository/org/springframework/spring-jcl/6.2.11/spring-jcl-6.2.11.jar:/home/misha/.m2/repository/org/springframework/spring-test/6.2.11/spring-test-6.2.11.jar:/home/misha/.m2/repository/org/xmlunit/xmlunit-core/2.10.4/xmlunit-core-2.10.4.jar:/home/misha/.m2/repository/org/springframework/boot/spring-boot-testcontainers/3.5.6/spring-boot-testcontainers-3.5.6.jar:/home/misha/.m2/repository/org/springframework/boot/spring-boot-autoconfigure/3.5.6/spring-boot-autoconfigure-3.5.6.jar:/home/misha/.m2/repository/org/testcontainers/testcontainers/1.21.3/testcontainers-1.21.3.jar:/home/misha/.m2/repository/junit/junit/4.13.2/junit-4.13.2.jar:/home/misha/.m2/repository/org/hamcrest/hamcrest-core/3.0/hamcrest-core-3.0.jar:/home/misha/.m2/repository/org/apache/commons/commons-compress/1.24.0/commons-compress-1.24.0.jar:/home/misha/.m2/repository/org/rnorth/duct-tape/duct-tape/1.0.8/duct-tape-1.0.8.jar:/home/misha/.m2/repository/org/jetbrains/annotations/17.0.0/annotations-17.0.0.jar:/home/misha/.m2/repository/com/github/docker-java/docker-java-api/3.4.2/docker-java-api-3.4.2.jar:/home/misha/.m2/repository/com/github/docker-java/docker-java-transport-zerodep/3.4.2/docker-java-transport-zerodep-3.4.2.jar:/home/misha/.m2/repository/com/github/docker-java/docker-java-transport/3.4.2/docker-java-transport-3.4.2.jar:/home/misha/.m2/repository/net/java/dev/jna/jna/5.13.0/jna-5.13.0.jar:/home/misha/.m2/repository/org/testcontainers/junit-jupiter/1.21.3/junit-jupiter-1.21.3.jar:/home/misha/.m2/repository/org/testcontainers/postgresql/1.21.3/postgresql-1.21.3.jar:/home/misha/.m2/repository/org/testcontainers/jdbc/1.21.3/jdbc-1.21.3.jar:/home/misha/.m2/repository/org/testcontainers/database-commons/1.21.3/database-commons-1.21.3.jar:/home/misha/.m2/repository/org/liquibase/liquibase-core/4.31.1/liquibase-core-4.31.1.jar:/home/misha/.m2/repository/com/opencsv/opencsv/5.9/opencsv-5.9.jar:/home/misha/.m2/repository/org/yaml/snakeyaml/2.4/snakeyaml-2.4.jar:/home/misha/.m2/repository/javax/xml/bind/jaxb-api/2.3.1/jaxb-api-2.3.1.jar:/home/misha/.m2/repository/org/apache/commons/commons-collections4/4.4/commons-collections4-4.4.jar:/home/misha/.m2/repository/org/apache/commons/commons-text/1.13.0/commons-text-1.13.0.jar:/home/misha/.m2/repository/org/apache/commons/commons-lang3/3.17.0/commons-lang3-3.17.0.jar:/home/misha/.m2/repository/commons-io/commons-io/2.18.0/commons-io-2.18.0.jar:/home/misha/.m2/repository/org/mapstruct/mapstruct/1.5.5.Final/mapstruct-1.5.5.Final.jar:/home/misha/.m2/repository/org/mapstruct/mapstruct-processor/1.5.5.Final/mapstruct-processor-1.5.5.Final.jar:/home/misha/.m2/repository/com/querydsl/querydsl-apt/5.0.0/querydsl-apt-5.0.0-jakarta.jar:/home/misha/.m2/repository/com/querydsl/querydsl-codegen/5.1.0/querydsl-codegen-5.1.0.jar:/home/misha/.m2/repository/com/querydsl/codegen-utils/5.1.0/codegen-utils-5.1.0.jar:/home/misha/.m2/repository/org/eclipse/jdt/ecj/3.26.0/ecj-3.26.0.jar:/home/misha/.m2/repository/javax/inject/javax.inject/1/javax.inject-1.jar:/home/misha/.m2/repository/io/github/classgraph/classgraph/4.8.146/classgraph-4.8.146.jar:/home/misha/.m2/repository/com/querydsl/querydsl-jpa/5.0.0/querydsl-jpa-5.0.0-jakarta.jar:/home/misha/.m2/repository/com/querydsl/querydsl-core/5.1.0/querydsl-core-5.1.0.jar:/home/misha/.m2/repository/com/mysema/commons/mysema-commons-lang/0.2.4/mysema-commons-lang-0.2.4.jar:"/>
    <property name="sun.cpu.endian" value="little"/>
    <property name="user.home" value="/home/misha"/>
    <property name="user.language" value="ru"/>
    <property name="java.specification.vendor" value="Oracle Corporation"/>
    <property name="java.version.date" value="2025-07-15"/>
    <property name="java.home" value="/usr/lib/jvm/java-21-openjdk-amd64"/>
    <property name="file.separator" value="/"/>
    <property name="basedir" value="/home/misha/employee"/>
    <property name="java.vm.compressedOopsMode" value="32-bit"/>
    <property name="line.separator" value="&#10;"/>
    <property name="java.vm.specification.vendor" value="Oracle Corporation"/>
    <property name="java.specification.name" value="Java Platform API Specification"/>
    <property name="FILE_LOG_CHARSET" value="UTF-8"/>
    <property name="java.awt.headless" value="true"/>
    <property name="surefire.real.class.path" value="/home/misha/employee/target/surefire/surefirebooter-20251007224250734_3.jar"/>
    <property name="sun.management.compiler" value="HotSpot 64-Bit Tiered Compilers"/>
    <property name="java.runtime.version" value="21.0.8+9-Ubuntu-0ubuntu122.04.1"/>
    <property name="user.name" value="misha"/>
    <property name="stdout.encoding" value="UTF-8"/>
    <property name="path.separator" value=":"/>
    <property name="os.version" value="6.8.0-85-generic"/>
    <property name="java.runtime.name" value="OpenJDK Runtime Environment"/>
    <property name="file.encoding" value="UTF-8"/>
    <property name="java.vm.name" value="OpenJDK 64-Bit Server VM"/>
    <property name="localRepository" value="/home/misha/.m2/repository"/>
    <property name="java.vendor.url.bug" value="https://bugs.launchpad.net/ubuntu/+source/openjdk-21"/>
    <property name="java.io.tmpdir" value="/tmp"/>
    <property name="com.zaxxer.hikari.pool_number" value="1"/>
    <property name="java.version" value="21.0.8"/>
    <property name="user.dir" value="/home/misha/employee"/>
    <property name="os.arch" value="amd64"/>
    <property name="java.vm.specification.name" value="Java Virtual Machine Specification"/>
    <property name="PID" value="83536"/>
    <property name="CONSOLE_LOG_CHARSET" value="UTF-8"/>
    <property name="native.encoding" value="UTF-8"/>
    <property name="java.library.path" value="/usr/java/packages/lib:/usr/lib/x86_64-linux-gnu/jni:/lib/x86_64-linux-gnu:/usr/lib/x86_64-linux-gnu:/usr/lib/jni:/lib:/usr/lib"/>
    <property name="java.vm.info" value="mixed mode, sharing"/>
    <property name="stderr.encoding" value="UTF-8"/>
    <property name="java.vendor" value="Ubuntu"/>
    <property name="java.vm.version" value="21.0.8+9-Ubuntu-0ubuntu122.04.1"/>
    <property name="sun.io.unicode.encoding" value="UnicodeLittle"/>
    <property name="java.class.version" value="65.0"/>
    <property name="LOGGED_APPLICATION_NAME" value="[employee] "/>
  </properties>
  <testcase name="contextLoads" classname="ru.alligator.employee.EmployeeApplicationTests" time="0.93">
    <system-out><![CDATA[22:42:52.576 [main] INFO org.springframework.test.context.support.AnnotationConfigContextLoaderUtils -- Could not detect default configuration classes for test class [ru.alligator.employee.EmployeeApplicationTests]: EmployeeApplicationTests does not declare any static, non-private, non-final, nested classes annotated with @Configuration.
22:42:52.863 [main] INFO org.springframework.boot.test.context.SpringBootTestContextBootstrapper -- Found @SpringBootConfiguration ru.alligator.employee.EmployeeApplication for test class ru.alligator.employee.EmployeeApplicationTests

  .   ____          _            __ _ _
 /\\ / ___'_ __ _ _(_)_ __  __ _ \ \ \ \
( ( )\___ | '_ | '_| | '_ \/ _` | \ \ \ \
 \\/  ___)| |_)| | | | | || (_| |  ) ) ) )
  '  |____| .__|_| |_|_| |_\__, | / / / /
 =========|_|==============|___/=/_/_/_/

 :: Spring Boot ::                (v3.5.6)

2025-10-07T22:42:53.739+03:00  INFO 83536 --- [employee] [           main] r.a.employee.EmployeeApplicationTests    : Starting EmployeeApplicationTests using Java 21.0.8 with PID 83536 (started by misha in /home/misha/employee)
2025-10-07T22:42:53.743+03:00  INFO 83536 --- [employee] [           main] r.a.employee.EmployeeApplicationTests    : The following 1 profile is active: "test"
2025-10-07T22:42:55.581+03:00  INFO 83536 --- [employee] [           main] .s.d.r.c.RepositoryConfigurationDelegate : Bootstrapping Spring Data JPA repositories in DEFAULT mode.
2025-10-07T22:42:55.619+03:00  INFO 83536 --- [employee] [           main] .s.d.r.c.RepositoryConfigurationDelegate : Finished Spring Data repository scanning in 22 ms. Found 0 JPA repository interfaces.
2025-10-07T22:42:56.435+03:00  INFO 83536 --- [employee] [           main] com.zaxxer.hikari.HikariDataSource       : HikariPool-1 - Starting...
2025-10-07T22:42:56.608+03:00  INFO 83536 --- [employee] [           main] org.testcontainers.images.PullPolicy     : Image pull policy will be performed by: DefaultPullPolicy()
2025-10-07T22:42:56.614+03:00  INFO 83536 --- [employee] [           main] o.t.utility.ImageNameSubstitutor         : Image name substitution will be performed by: DefaultImageNameSubstitutor (composite of 'ConfigurationFileImageNameSubstitutor' and 'PrefixingImageNameSubstitutor')
2025-10-07T22:42:56.634+03:00  INFO 83536 --- [employee] [           main] org.testcontainers.DockerClientFactory   : Testcontainers version: 1.21.3
2025-10-07T22:42:56.929+03:00  INFO 83536 --- [employee] [           main] o.t.d.DockerClientProviderStrategy       : Loaded org.testcontainers.dockerclient.UnixSocketClientProviderStrategy from ~/.testcontainers.properties, will try it first
2025-10-07T22:42:57.859+03:00  INFO 83536 --- [employee] [           main] o.t.d.DockerClientProviderStrategy       : Found Docker environment with local Unix socket (unix:///var/run/docker.sock)
2025-10-07T22:42:57.861+03:00  INFO 83536 --- [employee] [           main] org.testcontainers.DockerClientFactory   : Docker host IP address is localhost
2025-10-07T22:42:57.966+03:00  INFO 83536 --- [employee] [           main] org.testcontainers.DockerClientFactory   : Connected to docker: 
  Server Version: 28.1.1
  API Version: 1.49
  Operating System: Ubuntu 22.04.5 LTS
  Total Memory: 4753 MB
2025-10-07T22:42:58.171+03:00  INFO 83536 --- [employee] [           main] tc.testcontainers/ryuk:0.12.0            : Creating container for image: testcontainers/ryuk:0.12.0
2025-10-07T22:42:58.183+03:00  INFO 83536 --- [employee] [           main] o.t.utility.RegistryAuthLocator          : Failure when attempting to lookup auth config. Please ignore if you don't have images in an authenticated registry. Details: (dockerImageName: testcontainers/ryuk:0.12.0, configFile: /home/misha/.docker/config.json, configEnv: DOCKER_AUTH_CONFIG). Falling back to docker-java default behaviour. Exception message: Status 404: No config supplied. Checked in order: /home/misha/.docker/config.json (file not found), DOCKER_AUTH_CONFIG (not set)
2025-10-07T22:42:58.497+03:00  INFO 83536 --- [employee] [           main] tc.testcontainers/ryuk:0.12.0            : Container testcontainers/ryuk:0.12.0 is starting: 826580348a9004ce34d7fae281c55b2391d4ac3cc1322bbfae539d491d2b3ab7
2025-10-07T22:42:59.505+03:00  INFO 83536 --- [employee] [           main] tc.testcontainers/ryuk:0.12.0            : Container testcontainers/ryuk:0.12.0 started in PT1.332810091S
2025-10-07T22:42:59.531+03:00  INFO 83536 --- [employee] [           main] o.t.utility.RyukResourceReaper           : Ryuk started - will monitor and terminate Testcontainers containers on JVM exit
2025-10-07T22:42:59.532+03:00  INFO 83536 --- [employee] [           main] org.testcontainers.DockerClientFactory   : Checking the system...
2025-10-07T22:42:59.533+03:00  INFO 83536 --- [employee] [           main] org.testcontainers.DockerClientFactory   : ✔︎ Docker server version should be at least 1.6.0
2025-10-07T22:42:59.535+03:00  INFO 83536 --- [employee] [           main] tc.postgres:15                           : Creating container for image: postgres:15
2025-10-07T22:42:59.708+03:00  INFO 83536 --- [employee] [           main] tc.postgres:15                           : Container postgres:15 is starting: 6b63f51fc0abb5d032ed675026a7095afed4e0f860cd808c78245c4a453c3e87
2025-10-07T22:43:02.392+03:00  INFO 83536 --- [employee] [           main] tc.postgres:15                           : Container postgres:15 started in PT2.857283273S
2025-10-07T22:43:02.394+03:00  INFO 83536 --- [employee] [           main] tc.postgres:15                           : Container is started (JDBC URL: jdbc:postgresql://localhost:32769/test?loggerLevel=OFF)
2025-10-07T22:43:02.830+03:00  INFO 83536 --- [employee] [           main] com.zaxxer.hikari.pool.HikariPool        : HikariPool-1 - Added connection org.testcontainers.jdbc.ConnectionWrapper@6d31f14
2025-10-07T22:43:02.834+03:00  INFO 83536 --- [employee] [           main] com.zaxxer.hikari.HikariDataSource       : HikariPool-1 - Start completed.
2025-10-07T22:43:03.152+03:00  INFO 83536 --- [employee] [           main] liquibase.database                       : Set default schema name to public
2025-10-07T22:43:04.047+03:00  INFO 83536 --- [employee] [           main] liquibase.changelog                      : Creating database history table with name: public.databasechangelog
2025-10-07T22:43:04.121+03:00  INFO 83536 --- [employee] [           main] liquibase.changelog                      : Reading from public.databasechangelog
2025-10-07T22:43:04.168+03:00  INFO 83536 --- [employee] [           main] liquibase.snapshot                       : Creating snapshot
2025-10-07T22:43:04.404+03:00  INFO 83536 --- [employee] [           main] liquibase.lockservice                    : Successfully acquired change log lock
2025-10-07T22:43:04.408+03:00  INFO 83536 --- [employee] [           main] liquibase.command                        : Using deploymentId: 9866176371
2025-10-07T22:43:04.415+03:00  INFO 83536 --- [employee] [           main] liquibase.changelog                      : Reading from public.databasechangelog
2025-10-07T22:43:04.509+03:00  INFO 83536 --- [employee] [           main] liquibase.ui                             : Running Changeset: db/changelog/v1_init_database_schema.sql::1719839383701-1::Admin
2025-10-07T22:43:04.541+03:00  INFO 83536 --- [employee] [           main] liquibase.changelog                      : Custom SQL executed
2025-10-07T22:43:04.543+03:00  INFO 83536 --- [employee] [           main] liquibase.changelog                      : ChangeSet db/changelog/v1_init_database_schema.sql::1719839383701-1::Admin ran successfully in 32ms
2025-10-07T22:43:04.560+03:00  INFO 83536 --- [employee] [           main] liquibase.ui                             : Running Changeset: db/changelog/v1_init_database_schema.sql::1719839383701-2::Admin
2025-10-07T22:43:04.580+03:00  INFO 83536 --- [employee] [           main] liquibase.changelog                      : Custom SQL executed
2025-10-07T22:43:04.582+03:00  INFO 83536 --- [employee] [           main] liquibase.changelog                      : ChangeSet db/changelog/v1_init_database_schema.sql::1719839383701-2::Admin ran successfully in 21ms
2025-10-07T22:43:04.590+03:00  INFO 83536 --- [employee] [           main] liquibase.ui                             : Running Changeset: db/changelog/v1_init_database_schema.sql::1719839383701-3::Admin
2025-10-07T22:43:04.600+03:00  INFO 83536 --- [employee] [           main] liquibase.changelog                      : Custom SQL executed
2025-10-07T22:43:04.602+03:00  INFO 83536 --- [employee] [           main] liquibase.changelog                      : ChangeSet db/changelog/v1_init_database_schema.sql::1719839383701-3::Admin ran successfully in 11ms
2025-10-07T22:43:04.608+03:00  INFO 83536 --- [employee] [           main] liquibase.ui                             : Running Changeset: db/changelog/v1_init_database_schema.sql::1719839383701-4::Admin
2025-10-07T22:43:04.616+03:00  INFO 83536 --- [employee] [           main] liquibase.changelog                      : Custom SQL executed
2025-10-07T22:43:04.618+03:00  INFO 83536 --- [employee] [           main] liquibase.changelog                      : ChangeSet db/changelog/v1_init_database_schema.sql::1719839383701-4::Admin ran successfully in 9ms
2025-10-07T22:43:04.624+03:00  INFO 83536 --- [employee] [           main] liquibase.ui                             : Running Changeset: db/changelog/v1_init_database_schema.sql::1719839383701-5::Admin
2025-10-07T22:43:04.640+03:00  INFO 83536 --- [employee] [           main] liquibase.changelog                      : Custom SQL executed
2025-10-07T22:43:04.641+03:00  INFO 83536 --- [employee] [           main] liquibase.changelog                      : ChangeSet db/changelog/v1_init_database_schema.sql::1719839383701-5::Admin ran successfully in 16ms
2025-10-07T22:43:04.681+03:00  INFO 83536 --- [employee] [           main] liquibase.util                           : UPDATE SUMMARY
2025-10-07T22:43:04.684+03:00  INFO 83536 --- [employee] [           main] liquibase.util                           : Run:                          5
2025-10-07T22:43:04.684+03:00  INFO 83536 --- [employee] [           main] liquibase.util                           : Previously run:               0
2025-10-07T22:43:04.684+03:00  INFO 83536 --- [employee] [           main] liquibase.util                           : Filtered out:                 0
2025-10-07T22:43:04.684+03:00  INFO 83536 --- [employee] [           main] liquibase.util                           : -------------------------------
2025-10-07T22:43:04.684+03:00  INFO 83536 --- [employee] [           main] liquibase.util                           : Total change sets:            5
2025-10-07T22:43:04.686+03:00  INFO 83536 --- [employee] [           main] liquibase.util                           : Update summary generated
2025-10-07T22:43:04.695+03:00  INFO 83536 --- [employee] [           main] liquibase.command                        : Update command completed successfully.
2025-10-07T22:43:04.696+03:00  INFO 83536 --- [employee] [           main] liquibase.ui                             : Liquibase: Update has been successful. Rows affected: 5
2025-10-07T22:43:04.704+03:00  INFO 83536 --- [employee] [           main] liquibase.lockservice                    : Successfully released change log lock
2025-10-07T22:43:04.709+03:00  INFO 83536 --- [employee] [           main] liquibase.command                        : Command execution complete
2025-10-07T22:43:06.248+03:00  INFO 83536 --- [employee] [           main] o.hibernate.jpa.internal.util.LogHelper  : HHH000204: Processing PersistenceUnitInfo [name: default]
2025-10-07T22:43:06.528+03:00  INFO 83536 --- [employee] [           main] org.hibernate.Version                    : HHH000412: Hibernate ORM core version 6.6.29.Final
2025-10-07T22:43:06.647+03:00  INFO 83536 --- [employee] [           main] o.h.c.internal.RegionFactoryInitiator    : HHH000026: Second-level cache disabled
2025-10-07T22:43:07.609+03:00  INFO 83536 --- [employee] [           main] o.s.o.j.p.SpringPersistenceUnitInfo      : No LoadTimeWeaver setup: ignoring JPA class transformer
2025-10-07T22:43:07.753+03:00  WARN 83536 --- [employee] [           main] org.hibernate.orm.deprecation            : HHH90000025: PostgreSQLDialect does not need to be specified explicitly using 'hibernate.dialect' (remove the property setting and it will be selected by default)
2025-10-07T22:43:07.793+03:00  INFO 83536 --- [employee] [           main] org.hibernate.orm.connections.pooling    : HHH10001005: Database info:
	Database JDBC URL [Connecting through datasource 'HikariDataSource (HikariPool-1)']
	Database driver: undefined/unknown
	Database version: 15.14
	Autocommit mode: undefined/unknown
	Isolation level: undefined/unknown
	Minimum pool size: undefined/unknown
	Maximum pool size: undefined/unknown
2025-10-07T22:43:09.717+03:00  INFO 83536 --- [employee] [           main] o.h.e.t.j.p.i.JtaPlatformInitiator       : HHH000489: No JTA platform available (set 'hibernate.transaction.jta.platform' to enable JTA platform integration)
2025-10-07T22:43:09.796+03:00  INFO 83536 --- [employee] [           main] j.LocalContainerEntityManagerFactoryBean : Initialized JPA EntityManagerFactory for persistence unit 'default'
2025-10-07T22:43:10.201+03:00  WARN 83536 --- [employee] [           main] JpaBaseConfiguration$JpaWebConfiguration : spring.jpa.open-in-view is enabled by default. Therefore, database queries may be performed during view rendering. Explicitly configure spring.jpa.open-in-view to disable this warning
2025-10-07T22:43:11.909+03:00  INFO 83536 --- [employee] [           main] o.s.b.a.e.web.EndpointLinksResolver      : Exposing 1 endpoint beneath base path '/actuator'
2025-10-07T22:43:12.117+03:00  INFO 83536 --- [employee] [           main] r.a.employee.EmployeeApplicationTests    : Started EmployeeApplicationTests in 18.931 seconds (process running for 21.261)
]]></system-out>
    <system-err><![CDATA[Mockito is currently self-attaching to enable the inline-mock-maker. This will no longer work in future releases of the JDK. Please add Mockito as an agent to your build as described in Mockito's documentation: https://javadoc.io/doc/org.mockito/mockito-core/latest/org.mockito/org/mockito/Mockito.html#0.3
WARNING: A Java agent has been loaded dynamically (/home/misha/.m2/repository/net/bytebuddy/byte-buddy-agent/1.17.7/byte-buddy-agent-1.17.7.jar)
WARNING: If a serviceability tool is in use, please run with -XX:+EnableDynamicAgentLoading to hide this warning
WARNING: If a serviceability tool is not in use, please run with -Djdk.instrument.traceUsage for more information
WARNING: Dynamic loading of agents will be disallowed by default in a future release
]]></system-err>
  </testcase>
</testsuite>